# JRE version: OpenJDK Runtime Environment (11.0.8+10) (build 11.0.8+10-post-Ubuntu-0ubuntu118.04.1)
# Java VM: OpenJDK 64-Bit Server VM (11.0.8+10-post-Ubuntu-0ubuntu118.04.1, mixed mode, sharing, tiered, compressed oops, g1 gc, linux-amd64)
Heap:
 garbage-first heap   total 1627136K, used 159901K [0x0000000740000000, 0x0000000800000000)
  region size 1024K, 3 young (3072K), 3 survivors (3072K)
 Metaspace       used 82206K, capacity 89970K, committed 90112K, reserved 1124352K
  class space    used 12413K, capacity 15710K, committed 15744K, reserved 1048576K
GC Heap History (20 events):
Event: 97,634 GC heap after
{Heap after GC invocations=33 (full 0):
 garbage-first heap   total 614400K, used 136178K [0x0000000740000000, 0x0000000800000000)
  region size 1024K, 3 young (3072K), 3 survivors (3072K)
 Metaspace       used 81309K, capacity 88716K, committed 88832K, reserved 1122304K
  class space    used 12280K, capacity 15457K, committed 15488K, reserved 1048576K
}
Event: 97,671 GC heap before
{Heap before GC invocations=33 (full 0):
 garbage-first heap   total 614400K, used 163826K [0x0000000740000000, 0x0000000800000000)
  region size 1024K, 30 young (30720K), 3 survivors (3072K)
 Metaspace       used 81316K, capacity 88716K, committed 88832K, reserved 1122304K
  class space    used 12280K, capacity 15457K, committed 15488K, reserved 1048576K
}
Event: 97,709 GC heap after
{Heap after GC invocations=34 (full 0):
 garbage-first heap   total 614400K, used 135444K [0x0000000740000000, 0x0000000800000000)
  region size 1024K, 3 young (3072K), 3 survivors (3072K)
 Metaspace       used 81316K, capacity 88716K, committed 88832K, reserved 1122304K
  class space    used 12280K, capacity 15457K, committed 15488K, reserved 1048576K
}
Event: 98,003 GC heap before
{Heap before GC invocations=34 (full 0):
 garbage-first heap   total 614400K, used 163092K [0x0000000740000000, 0x0000000800000000)
  region size 1024K, 30 young (30720K), 3 survivors (3072K)
 Metaspace       used 81544K, capacity 89049K, committed 89216K, reserved 1122304K
  class space    used 12326K, capacity 15549K, committed 15616K, reserved 1048576K
}
Event: 98,039 GC heap after
{Heap after GC invocations=35 (full 0):
 garbage-first heap   total 614400K, used 138459K [0x0000000740000000, 0x0000000800000000)
  region size 1024K, 4 young (4096K), 4 survivors (4096K)
 Metaspace       used 81544K, capacity 89049K, committed 89216K, reserved 1122304K
  class space    used 12326K, capacity 15549K, committed 15616K, reserved 1048576K
}
Event: 98,252 GC heap before
{Heap before GC invocations=35 (full 0):
 garbage-first heap   total 614400K, used 165083K [0x0000000740000000, 0x0000000800000000)
  region size 1024K, 30 young (30720K), 4 survivors (4096K)
 Metaspace       used 81560K, capacity 89050K, committed 89216K, reserved 1122304K
  class space    used 12326K, capacity 15549K, committed 15616K, reserved 1048576K
}
Event: 98,270 GC heap after
{Heap after GC invocations=36 (full 0):
 garbage-first heap   total 614400K, used 142250K [0x0000000740000000, 0x0000000800000000)
  region size 1024K, 4 young (4096K), 4 survivors (4096K)
 Metaspace       used 81560K, capacity 89050K, committed 89216K, reserved 1122304K
  class space    used 12326K, capacity 15549K, committed 15616K, reserved 1048576K
}
Event: 98,315 GC heap before
{Heap before GC invocations=36 (full 0):
 garbage-first heap   total 614400K, used 168874K [0x0000000740000000, 0x0000000800000000)
  region size 1024K, 30 young (30720K), 4 survivors (4096K)
 Metaspace       used 81561K, capacity 89050K, committed 89216K, reserved 1122304K
  class space    used 12326K, capacity 15549K, committed 15616K, reserved 1048576K
}
Event: 98,324 GC heap after
{Heap after GC invocations=37 (full 0):
 garbage-first heap   total 614400K, used 146685K [0x0000000740000000, 0x0000000800000000)
  region size 1024K, 4 young (4096K), 4 survivors (4096K)
 Metaspace       used 81561K, capacity 89050K, committed 89216K, reserved 1122304K
  class space    used 12326K, capacity 15549K, committed 15616K, reserved 1048576K
}
Event: 98,560 GC heap before
{Heap before GC invocations=37 (full 0):
 garbage-first heap   total 614400K, used 173309K [0x0000000740000000, 0x0000000800000000)
  region size 1024K, 30 young (30720K), 4 survivors (4096K)
 Metaspace       used 81647K, capacity 89191K, committed 89472K, reserved 1124352K
  class space    used 12343K, capacity 15577K, committed 15616K, reserved 1048576K
}
Event: 98,575 GC heap after
{Heap after GC invocations=38 (full 0):
 garbage-first heap   total 614400K, used 147082K [0x0000000740000000, 0x0000000800000000)
  region size 1024K, 1 young (1024K), 1 survivors (1024K)
 Metaspace       used 81647K, capacity 89191K, committed 89472K, reserved 1124352K
  class space    used 12343K, capacity 15577K, committed 15616K, reserved 1048576K
}
Event: 98,918 GC heap before
{Heap before GC invocations=38 (full 0):
 garbage-first heap   total 614400K, used 183946K [0x0000000740000000, 0x0000000800000000)
  region size 1024K, 30 young (30720K), 1 survivors (1024K)
 Metaspace       used 81700K, capacity 89334K, committed 89472K, reserved 1124352K
  class space    used 12343K, capacity 15577K, committed 15616K, reserved 1048576K
}
Event: 98,930 GC heap after
{Heap after GC invocations=39 (full 0):
 garbage-first heap   total 614400K, used 148697K [0x0000000740000000, 0x0000000800000000)
  region size 1024K, 2 young (2048K), 2 survivors (2048K)
 Metaspace       used 81700K, capacity 89334K, committed 89472K, reserved 1124352K
  class space    used 12343K, capacity 15577K, committed 15616K, reserved 1048576K
}
Event: 99,033 GC heap before
{Heap before GC invocations=39 (full 0):
 garbage-first heap   total 614400K, used 181465K [0x0000000740000000, 0x0000000800000000)
  region size 1024K, 35 young (35840K), 2 survivors (2048K)
 Metaspace       used 81714K, capacity 89334K, committed 89472K, reserved 1124352K
  class space    used 12343K, capacity 15577K, committed 15616K, reserved 1048576K
}
Event: 99,037 GC heap after
{Heap after GC invocations=40 (full 0):
 garbage-first heap   total 614400K, used 149151K [0x0000000740000000, 0x0000000800000000)
  region size 1024K, 3 young (3072K), 3 survivors (3072K)
 Metaspace       used 81714K, capacity 89334K, committed 89472K, reserved 1124352K
  class space    used 12343K, capacity 15577K, committed 15616K, reserved 1048576K
}
Event: 99,377 GC heap before
{Heap before GC invocations=40 (full 0):
 garbage-first heap   total 614400K, used 199327K [0x0000000740000000, 0x0000000800000000)
  region size 1024K, 52 young (53248K), 3 survivors (3072K)
 Metaspace       used 81970K, capacity 89720K, committed 89856K, reserved 1124352K
  class space    used 12394K, capacity 15678K, committed 15744K, reserved 1048576K
}
Event: 99,396 GC heap after
{Heap after GC invocations=41 (full 0):
 garbage-first heap   total 614400K, used 154983K [0x0000000740000000, 0x0000000800000000)
  region size 1024K, 7 young (7168K), 7 survivors (7168K)
 Metaspace       used 81970K, capacity 89720K, committed 89856K, reserved 1124352K
  class space    used 12394K, capacity 15678K, committed 15744K, reserved 1048576K
}
Event: 99,932 GC heap before
{Heap before GC invocations=41 (full 0):
 garbage-first heap   total 614400K, used 218471K [0x0000000740000000, 0x0000000800000000)
  region size 1024K, 70 young (71680K), 7 survivors (7168K)
 Metaspace       used 82092K, capacity 89882K, committed 90112K, reserved 1124352K
  class space    used 12413K, capacity 15710K, committed 15744K, reserved 1048576K
}
Event: 99,950 GC heap after
{Heap after GC invocations=42 (full 0):
 garbage-first heap   total 614400K, used 160804K [0x0000000740000000, 0x0000000800000000)
  region size 1024K, 7 young (7168K), 7 survivors (7168K)
 Metaspace       used 82092K, capacity 89882K, committed 90112K, reserved 1124352K
  class space    used 12413K, capacity 15710K, committed 15744K, reserved 1048576K
}
Event: 100,494 GC heap before
{Heap before GC invocations=42 (full 0):
 garbage-first heap   total 614400K, used 246820K [0x0000000740000000, 0x0000000800000000)
  region size 1024K, 84 young (86016K), 7 survivors (7168K)
 Metaspace       used 82206K, capacity 89970K, committed 90112K, reserved 1124352K
  class space    used 12413K, capacity 15710K, committed 15744K, reserved 1048576K
}

